<?xml version="1.0" encoding="UTF-8"?>
<testng-results skipped="0" failed="0" total="1" passed="1">
  <reporter-output>
  </reporter-output>
  <suite name="Default suite" duration-ms="85747" started-at="2019-01-06T10:52:24Z" finished-at="2019-01-06T10:53:50Z">
    <groups>
      <group name="cucumber">
        <method signature="AbstractTestNGCucumberTests.feature(cucumber.api.testng.CucumberFeatureWrapper)[pri:0, instance:com.CucumberMoneyControl.RunnerSection@28d25987]" name="feature" class="cucumber.api.testng.AbstractTestNGCucumberTests"/>
      </group> <!-- cucumber -->
    </groups>
    <test name="Default test" duration-ms="85747" started-at="2019-01-06T10:52:24Z" finished-at="2019-01-06T10:53:50Z">
      <class name="com.CucumberMoneyControl.RunnerSection">
        <test-method status="PASS" signature="setUpClass()[pri:0, instance:com.CucumberMoneyControl.RunnerSection@28d25987]" name="setUpClass" is-config="true" duration-ms="291" started-at="2019-01-06T16:22:24Z" finished-at="2019-01-06T16:22:24Z">
          <reporter-output>
          </reporter-output>
        </test-method> <!-- setUpClass -->
        <test-method status="PASS" signature="feature(cucumber.api.testng.CucumberFeatureWrapper)[pri:0, instance:com.CucumberMoneyControl.RunnerSection@28d25987]" name="feature" duration-ms="85294" started-at="2019-01-06T16:22:24Z" description="Runs Cucumber Feature" data-provider="features" finished-at="2019-01-06T16:23:50Z">
          <params>
            <param index="0">
              <value>
                <![CDATA[Money Control]]>
              </value>
            </param>
          </params>
          <reporter-output>
          </reporter-output>
        </test-method> <!-- feature -->
        <test-method status="PASS" signature="tearDownClass()[pri:0, instance:com.CucumberMoneyControl.RunnerSection@28d25987]" name="tearDownClass" is-config="true" duration-ms="21" started-at="2019-01-06T16:23:50Z" finished-at="2019-01-06T16:23:50Z">
          <reporter-output>
          </reporter-output>
        </test-method> <!-- tearDownClass -->
      </class> <!-- com.CucumberMoneyControl.RunnerSection -->
    </test> <!-- Default test -->
  </suite> <!-- Default suite -->
</testng-results>
